Using pre-set license
Built from '2020.3/release' branch; Version is '2020.3.1f1 (77a89f25062f) revision 7841951'; Using compiler version '192528614'; Build Type 'Release'
OS: 'Windows 10 Home; OS build 19042.985; Version 2009; 64bit' Language: 'ru' Physical Memory: 16315 MB
BatchMode: 1, IsHumanControllingUs: 0, StartBugReporterOnCrash: 0, Is64bit: 1, IsPro: 0

 COMMAND LINE ARGUMENTS:
C:\Program Files\Unity\Hub\Editor\2020.3.1f1\Editor\Unity.exe
-adb2
-batchMode
-noUpm
-name
AssetImportWorker0
-projectPath
F:/UnityProjects/CubeRunner
-logFile
Logs/AssetImportWorker0.log
-srvPort
58601
Successfully changed project path to: F:/UnityProjects/CubeRunner
F:/UnityProjects/CubeRunner
Using Asset Import Pipeline V2.
Refreshing native plugins compatible for Editor in 29.43 ms, found 0 plugins.
Preloading 0 native plugins for Editor in 0.00 ms.
Initialize engine version: 2020.3.1f1 (77a89f25062f)
[Subsystems] Discovering subsystems at path C:/Program Files/Unity/Hub/Editor/2020.3.1f1/Editor/Data/Resources/UnitySubsystems
[Subsystems] Discovering subsystems at path F:/UnityProjects/CubeRunner/Assets
GfxDevice: creating device client; threaded=0
Direct3D:
    Version:  Direct3D 11.0 [level 11.1]
    Renderer: NVIDIA GeForce GTX 1070 (ID=0x1b81)
    Vendor:   
    VRAM:     8088 MB
    Driver:   27.21.14.6192
Initialize mono
Mono path[0] = 'C:/Program Files/Unity/Hub/Editor/2020.3.1f1/Editor/Data/Managed'
Mono path[1] = 'C:/Program Files/Unity/Hub/Editor/2020.3.1f1/Editor/Data/MonoBleedingEdge/lib/mono/unityjit'
Mono config path = 'C:/Program Files/Unity/Hub/Editor/2020.3.1f1/Editor/Data/MonoBleedingEdge/etc'
Using monoOptions --debugger-agent=transport=dt_socket,embedding=1,server=y,suspend=n,address=127.0.0.1:56636
Begin MonoManager ReloadAssembly
Registering precompiled unity dll's ...
Register platform support module: C:/Program Files/Unity/Hub/Editor/2020.3.1f1/Editor/Data/PlaybackEngines/WebGLSupport/UnityEditor.WebGL.Extensions.dll
Register platform support module: C:/Program Files/Unity/Hub/Editor/2020.3.1f1/Editor/Data/PlaybackEngines/WindowsStandaloneSupport/UnityEditor.WindowsStandalone.Extensions.dll
Registered in 0.002011 seconds.
Native extension for WindowsStandalone target not found
Native extension for WebGL target not found
Refreshing native plugins compatible for Editor in 25.73 ms, found 0 plugins.
Preloading 0 native plugins for Editor in 0.00 ms.
Invoked RoslynAnalysisRunner static constructor.
RoslynAnalysisRunner will not be running.
RoslynAnalysisRunner has terminated.
Mono: successfully reloaded assembly
- Completed reload, in  1.539 seconds
Platform modules already initialized, skipping
Registering precompiled user dll's ...
Registered in 0.000632 seconds.
Begin MonoManager ReloadAssembly
Native extension for WindowsStandalone target not found
Native extension for WebGL target not found
Refreshing native plugins compatible for Editor in 0.34 ms, found 0 plugins.
Preloading 0 native plugins for Editor in 0.00 ms.
Invoked RoslynAnalysisRunner static constructor.
RoslynAnalysisRunner will not be running.
RoslynAnalysisRunner has terminated.
Mono: successfully reloaded assembly
- Completed reload, in  0.663 seconds
Platform modules already initialized, skipping
========================================================================
Worker process is ready to serve import requests
Launched and connected shader compiler UnityShaderCompiler.exe after 0.03 seconds
Refreshing native plugins compatible for Editor in 0.34 ms, found 0 plugins.
Preloading 0 native plugins for Editor in 0.00 ms.
Unloading 1310 Unused Serialized files (Serialized files now loaded: 0)
System memory in use before: 65.1 MB.
System memory in use after: 65.1 MB.

Unloading 25 unused Assets to reduce memory usage. Loaded Objects now: 1745.
Total: 1.827500 ms (FindLiveObjects: 0.120300 ms CreateObjectMapping: 0.029400 ms MarkObjects: 1.622300 ms  DeleteObjects: 0.054800 ms)

========================================================================
Received Import Request.
  path: Assets/Scripts/Barriers/WallBarrier.cs
  artifactKey: Guid(dae3d47bd90a79a40a82c580136ddfa7) Importer(815301076,1909f56bfc062723c751e8b465ee728b)
Start importing Assets/Scripts/Barriers/WallBarrier.cs using Guid(dae3d47bd90a79a40a82c580136ddfa7) Importer(815301076,1909f56bfc062723c751e8b465ee728b)  -> (artifact id: '26d6c1a5078d6730ea29dfc42d5a7628') in 0.025938 seconds
  Import took 0.027680 seconds .

========================================================================
Received Import Request.
  Time since last request: 0.396615 seconds.
  path: Assets/Scripts/Controllers and Managers/SpawnController.cs
  artifactKey: Guid(244835ccda33cdc4e9b0a528934753fd) Importer(815301076,1909f56bfc062723c751e8b465ee728b)
Start importing Assets/Scripts/Controllers and Managers/SpawnController.cs using Guid(244835ccda33cdc4e9b0a528934753fd) Importer(815301076,1909f56bfc062723c751e8b465ee728b)  -> (artifact id: 'd4125524e1e3786f2fe3262ef8390191') in 0.005212 seconds
  Import took 0.007218 seconds .

========================================================================
Received Import Request.
  Time since last request: 0.001652 seconds.
  path: Assets/Scripts/Controllers and Managers/SpawnController.cs
  artifactKey: Guid(244835ccda33cdc4e9b0a528934753fd) Importer(815301076,1909f56bfc062723c751e8b465ee728b)
Start importing Assets/Scripts/Controllers and Managers/SpawnController.cs using Guid(244835ccda33cdc4e9b0a528934753fd) Importer(815301076,1909f56bfc062723c751e8b465ee728b)  -> (artifact id: 'd4125524e1e3786f2fe3262ef8390191') in 0.024048 seconds
  Import took 0.025675 seconds .

========================================================================
Received Prepare
Refreshing native plugins compatible for Editor in 3.58 ms, found 0 plugins.
Preloading 0 native plugins for Editor in 0.00 ms.
Unloading 19 Unused Serialized files (Serialized files now loaded: 0)
System memory in use before: 38.7 MB.
System memory in use after: 38.8 MB.

Unloading 19 unused Assets to reduce memory usage. Loaded Objects now: 1745.
Total: 1.411400 ms (FindLiveObjects: 0.158400 ms CreateObjectMapping: 0.032700 ms MarkObjects: 1.174000 ms  DeleteObjects: 0.045700 ms)

========================================================================
Received Import Request.
  Time since last request: 97.449226 seconds.
  path: Assets/Scripts/Controllers and Managers/SpawnController.cs
  artifactKey: Guid(244835ccda33cdc4e9b0a528934753fd) Importer(815301076,1909f56bfc062723c751e8b465ee728b)
Start importing Assets/Scripts/Controllers and Managers/SpawnController.cs using Guid(244835ccda33cdc4e9b0a528934753fd) Importer(815301076,1909f56bfc062723c751e8b465ee728b)  -> (artifact id: '385b9fde0148808143e22c8af3ade1ca') in 0.001911 seconds
  Import took 0.003759 seconds .

========================================================================
Received Import Request.
  Time since last request: 99.687731 seconds.
  path: Assets/Scripts/Controllers and Managers/SpawnController.cs
  artifactKey: Guid(244835ccda33cdc4e9b0a528934753fd) Importer(815301076,1909f56bfc062723c751e8b465ee728b)
Start importing Assets/Scripts/Controllers and Managers/SpawnController.cs using Guid(244835ccda33cdc4e9b0a528934753fd) Importer(815301076,1909f56bfc062723c751e8b465ee728b)  -> (artifact id: 'ac6047bb03641ffbc595768445c1a57f') in 0.001606 seconds
  Import took 0.003500 seconds .

========================================================================
Received Import Request.
  Time since last request: 65.051738 seconds.
  path: Assets/Scripts/Controllers and Managers/SpawnController.cs
  artifactKey: Guid(244835ccda33cdc4e9b0a528934753fd) Importer(815301076,1909f56bfc062723c751e8b465ee728b)
Start importing Assets/Scripts/Controllers and Managers/SpawnController.cs using Guid(244835ccda33cdc4e9b0a528934753fd) Importer(815301076,1909f56bfc062723c751e8b465ee728b)  -> (artifact id: '0d584f543c3b9152b14636d42b0ab27d') in 0.001814 seconds
  Import took 0.003585 seconds .

========================================================================
Received Import Request.
  Time since last request: 25.135296 seconds.
  path: Assets/Scripts/Controllers and Managers/SpawnController.cs
  artifactKey: Guid(244835ccda33cdc4e9b0a528934753fd) Importer(815301076,1909f56bfc062723c751e8b465ee728b)
Start importing Assets/Scripts/Controllers and Managers/SpawnController.cs using Guid(244835ccda33cdc4e9b0a528934753fd) Importer(815301076,1909f56bfc062723c751e8b465ee728b)  -> (artifact id: '939f669a7d879d58e62c444529b34259') in 0.001736 seconds
  Import took 0.003868 seconds .

========================================================================
Received Import Request.
  Time since last request: 64.069362 seconds.
  path: Assets/Scripts/Controllers and Managers/SpawnController.cs
  artifactKey: Guid(244835ccda33cdc4e9b0a528934753fd) Importer(815301076,1909f56bfc062723c751e8b465ee728b)
Start importing Assets/Scripts/Controllers and Managers/SpawnController.cs using Guid(244835ccda33cdc4e9b0a528934753fd) Importer(815301076,1909f56bfc062723c751e8b465ee728b)  -> (artifact id: '20905aeb3d1344d47eb4c27a177540c8') in 0.001577 seconds
  Import took 0.003542 seconds .

========================================================================
Received Import Request.
  Time since last request: 0.003002 seconds.
  path: Assets/Scripts/Controllers and Managers/SpawnController.cs
  artifactKey: Guid(244835ccda33cdc4e9b0a528934753fd) Importer(815301076,1909f56bfc062723c751e8b465ee728b)
Start importing Assets/Scripts/Controllers and Managers/SpawnController.cs using Guid(244835ccda33cdc4e9b0a528934753fd) Importer(815301076,1909f56bfc062723c751e8b465ee728b)  -> (artifact id: '20905aeb3d1344d47eb4c27a177540c8') in 0.001750 seconds
  Import took 0.003569 seconds .

========================================================================
Received Import Request.
  Time since last request: 31.328907 seconds.
  path: Assets/Scripts/Controllers and Managers/SpawnController.cs
  artifactKey: Guid(244835ccda33cdc4e9b0a528934753fd) Importer(815301076,1909f56bfc062723c751e8b465ee728b)
Start importing Assets/Scripts/Controllers and Managers/SpawnController.cs using Guid(244835ccda33cdc4e9b0a528934753fd) Importer(815301076,1909f56bfc062723c751e8b465ee728b)  -> (artifact id: '82087a75df768e27bbae15f602d2948f') in 0.001768 seconds
  Import took 0.003717 seconds .

========================================================================
Received Import Request.
  Time since last request: 22.676296 seconds.
  path: Assets/Scripts/Controllers and Managers/SpawnController.cs
  artifactKey: Guid(244835ccda33cdc4e9b0a528934753fd) Importer(815301076,1909f56bfc062723c751e8b465ee728b)
Start importing Assets/Scripts/Controllers and Managers/SpawnController.cs using Guid(244835ccda33cdc4e9b0a528934753fd) Importer(815301076,1909f56bfc062723c751e8b465ee728b)  -> (artifact id: '8cfc7ce2d03a74419334c99c9586a81b') in 0.001975 seconds
  Import took 0.003940 seconds .

========================================================================
Received Import Request.
  Time since last request: 0.002310 seconds.
  path: Assets/Scripts/Controllers and Managers/SpawnController.cs
  artifactKey: Guid(244835ccda33cdc4e9b0a528934753fd) Importer(815301076,1909f56bfc062723c751e8b465ee728b)
Start importing Assets/Scripts/Controllers and Managers/SpawnController.cs using Guid(244835ccda33cdc4e9b0a528934753fd) Importer(815301076,1909f56bfc062723c751e8b465ee728b)  -> (artifact id: '8cfc7ce2d03a74419334c99c9586a81b') in 0.001568 seconds
  Import took 0.003171 seconds .

========================================================================
Received Import Request.
  Time since last request: 102.030657 seconds.
  path: Assets/Scripts/Controllers and Managers/SpawnController.cs
  artifactKey: Guid(244835ccda33cdc4e9b0a528934753fd) Importer(815301076,1909f56bfc062723c751e8b465ee728b)
Start importing Assets/Scripts/Controllers and Managers/SpawnController.cs using Guid(244835ccda33cdc4e9b0a528934753fd) Importer(815301076,1909f56bfc062723c751e8b465ee728b)  -> (artifact id: 'c412d0fd93000bb797e535a23c2686a4') in 0.001660 seconds
  Import took 0.003652 seconds .

========================================================================
Received Import Request.
  Time since last request: 9.282730 seconds.
  path: Assets/Scripts/Controllers and Managers/SpawnController.cs
  artifactKey: Guid(244835ccda33cdc4e9b0a528934753fd) Importer(815301076,1909f56bfc062723c751e8b465ee728b)
Start importing Assets/Scripts/Controllers and Managers/SpawnController.cs using Guid(244835ccda33cdc4e9b0a528934753fd) Importer(815301076,1909f56bfc062723c751e8b465ee728b)  -> (artifact id: '2949f86175ec36784aa20c0e4038f624') in 0.001931 seconds
  Import took 0.003874 seconds .

========================================================================
Received Import Request.
  Time since last request: 33.582567 seconds.
  path: Assets/Scripts/Controllers and Managers/SpawnController.cs
  artifactKey: Guid(244835ccda33cdc4e9b0a528934753fd) Importer(815301076,1909f56bfc062723c751e8b465ee728b)
Start importing Assets/Scripts/Controllers and Managers/SpawnController.cs using Guid(244835ccda33cdc4e9b0a528934753fd) Importer(815301076,1909f56bfc062723c751e8b465ee728b)  -> (artifact id: '34954ca2d68157ed60768e1d64beeae9') in 0.001704 seconds
  Import took 0.003832 seconds .

========================================================================
Received Import Request.
  Time since last request: 0.003528 seconds.
  path: Assets/Scripts/Controllers and Managers/SpawnController.cs
  artifactKey: Guid(244835ccda33cdc4e9b0a528934753fd) Importer(815301076,1909f56bfc062723c751e8b465ee728b)
Start importing Assets/Scripts/Controllers and Managers/SpawnController.cs using Guid(244835ccda33cdc4e9b0a528934753fd) Importer(815301076,1909f56bfc062723c751e8b465ee728b)  -> (artifact id: '34954ca2d68157ed60768e1d64beeae9') in 0.001708 seconds
  Import took 0.004132 seconds .

========================================================================
Received Prepare
Registering precompiled user dll's ...
Registered in 0.000539 seconds.
Begin MonoManager ReloadAssembly
Native extension for WindowsStandalone target not found
Native extension for WebGL target not found
Refreshing native plugins compatible for Editor in 0.35 ms, found 0 plugins.
Preloading 0 native plugins for Editor in 0.00 ms.
Invoked RoslynAnalysisRunner static constructor.
RoslynAnalysisRunner will not be running.
RoslynAnalysisRunner has terminated.
Mono: successfully reloaded assembly
- Completed reload, in  0.622 seconds
Platform modules already initialized, skipping
Switching build target platform(5) subTarget(0) extendedPlatform(0) -> platform(13) subTarget(537395205) extendedPlatform(0)
Refreshing native plugins compatible for Editor in 0.35 ms, found 0 plugins.
Preloading 0 native plugins for Editor in 0.00 ms.
Unloading 1295 Unused Serialized files (Serialized files now loaded: 0)
System memory in use before: 63.7 MB.
System memory in use after: 63.8 MB.

Unloading 21 unused Assets to reduce memory usage. Loaded Objects now: 1748.
Total: 1.337600 ms (FindLiveObjects: 0.113100 ms CreateObjectMapping: 0.028400 ms MarkObjects: 1.149600 ms  DeleteObjects: 0.045700 ms)

AssetImportParameters requested are different than current active one (requested -> active):
  custom:graphics/normal-map-encoding: 01000000000000000000000000000000 -> 02000000000000000000000000000000
========================================================================
Received Prepare
Registering precompiled user dll's ...
Registered in 0.000478 seconds.
Begin MonoManager ReloadAssembly
Native extension for WindowsStandalone target not found
Native extension for WebGL target not found
Refreshing native plugins compatible for Editor in 0.38 ms, found 0 plugins.
Preloading 0 native plugins for Editor in 0.00 ms.
Invoked RoslynAnalysisRunner static constructor.
RoslynAnalysisRunner will not be running.
RoslynAnalysisRunner has terminated.
Mono: successfully reloaded assembly
- Completed reload, in  0.632 seconds
Platform modules already initialized, skipping
Switching build target platform(5) subTarget(0) extendedPlatform(0) -> platform(13) subTarget(537395205) extendedPlatform(0)
Refreshing native plugins compatible for Editor in 0.36 ms, found 0 plugins.
Preloading 0 native plugins for Editor in 0.00 ms.
Unloading 1295 Unused Serialized files (Serialized files now loaded: 0)
System memory in use before: 63.8 MB.
System memory in use after: 63.8 MB.

Unloading 21 unused Assets to reduce memory usage. Loaded Objects now: 1751.
Total: 1.378300 ms (FindLiveObjects: 0.111000 ms CreateObjectMapping: 0.028500 ms MarkObjects: 1.189400 ms  DeleteObjects: 0.048700 ms)

AssetImportParameters requested are different than current active one (requested -> active):
  custom:graphics/normal-map-encoding: 01000000000000000000000000000000 -> 02000000000000000000000000000000
========================================================================
Received Prepare
Registering precompiled user dll's ...
Registered in 0.000516 seconds.
Begin MonoManager ReloadAssembly
Native extension for WindowsStandalone target not found
Native extension for WebGL target not found
Refreshing native plugins compatible for Editor in 0.36 ms, found 0 plugins.
Preloading 0 native plugins for Editor in 0.00 ms.
Invoked RoslynAnalysisRunner static constructor.
RoslynAnalysisRunner will not be running.
RoslynAnalysisRunner has terminated.
Mono: successfully reloaded assembly
- Completed reload, in  0.634 seconds
Platform modules already initialized, skipping
Switching build target platform(5) subTarget(0) extendedPlatform(0) -> platform(13) subTarget(537395205) extendedPlatform(0)
Refreshing native plugins compatible for Editor in 0.35 ms, found 0 plugins.
Preloading 0 native plugins for Editor in 0.00 ms.
Unloading 1295 Unused Serialized files (Serialized files now loaded: 0)
System memory in use before: 63.8 MB.
System memory in use after: 63.8 MB.

Unloading 21 unused Assets to reduce memory usage. Loaded Objects now: 1754.
Total: 1.416900 ms (FindLiveObjects: 0.150700 ms CreateObjectMapping: 0.038100 ms MarkObjects: 1.180000 ms  DeleteObjects: 0.047500 ms)

AssetImportParameters requested are different than current active one (requested -> active):
  custom:graphics/normal-map-encoding: 01000000000000000000000000000000 -> 02000000000000000000000000000000
========================================================================
Received Prepare
Registering precompiled user dll's ...
Registered in 0.000497 seconds.
Begin MonoManager ReloadAssembly
Native extension for WindowsStandalone target not found
Native extension for WebGL target not found
Refreshing native plugins compatible for Editor in 0.36 ms, found 0 plugins.
Preloading 0 native plugins for Editor in 0.00 ms.
Invoked RoslynAnalysisRunner static constructor.
RoslynAnalysisRunner will not be running.
RoslynAnalysisRunner has terminated.
Mono: successfully reloaded assembly
- Completed reload, in  0.636 seconds
Platform modules already initialized, skipping
Switching build target platform(5) subTarget(0) extendedPlatform(0) -> platform(13) subTarget(537395205) extendedPlatform(0)
Refreshing native plugins compatible for Editor in 0.36 ms, found 0 plugins.
Preloading 0 native plugins for Editor in 0.00 ms.
Unloading 1295 Unused Serialized files (Serialized files now loaded: 0)
System memory in use before: 63.8 MB.
System memory in use after: 63.9 MB.

Unloading 21 unused Assets to reduce memory usage. Loaded Objects now: 1757.
Total: 1.904900 ms (FindLiveObjects: 0.117000 ms CreateObjectMapping: 0.029000 ms MarkObjects: 1.705600 ms  DeleteObjects: 0.052600 ms)

AssetImportParameters requested are different than current active one (requested -> active):
  custom:graphics/normal-map-encoding: 01000000000000000000000000000000 -> 02000000000000000000000000000000
========================================================================
Received Prepare
Registering precompiled user dll's ...
Registered in 0.000467 seconds.
Begin MonoManager ReloadAssembly
Native extension for WindowsStandalone target not found
Native extension for WebGL target not found
Refreshing native plugins compatible for Editor in 0.35 ms, found 0 plugins.
Preloading 0 native plugins for Editor in 0.00 ms.
Invoked RoslynAnalysisRunner static constructor.
RoslynAnalysisRunner will not be running.
RoslynAnalysisRunner has terminated.
Mono: successfully reloaded assembly
- Completed reload, in  0.647 seconds
Platform modules already initialized, skipping
Switching build target platform(5) subTarget(0) extendedPlatform(0) -> platform(13) subTarget(537395205) extendedPlatform(0)
Refreshing native plugins compatible for Editor in 0.37 ms, found 0 plugins.
Preloading 0 native plugins for Editor in 0.00 ms.
Unloading 1295 Unused Serialized files (Serialized files now loaded: 0)
System memory in use before: 63.8 MB.
System memory in use after: 63.9 MB.

Unloading 21 unused Assets to reduce memory usage. Loaded Objects now: 1760.
Total: 1.529400 ms (FindLiveObjects: 0.149300 ms CreateObjectMapping: 0.030000 ms MarkObjects: 1.294700 ms  DeleteObjects: 0.054500 ms)

AssetImportParameters requested are different than current active one (requested -> active):
  custom:graphics/normal-map-encoding: 01000000000000000000000000000000 -> 02000000000000000000000000000000
========================================================================
Received Prepare
Registering precompiled user dll's ...
Registered in 0.000457 seconds.
Begin MonoManager ReloadAssembly
Native extension for WindowsStandalone target not found
Native extension for WebGL target not found
Refreshing native plugins compatible for Editor in 0.36 ms, found 0 plugins.
Preloading 0 native plugins for Editor in 0.00 ms.
Invoked RoslynAnalysisRunner static constructor.
RoslynAnalysisRunner will not be running.
RoslynAnalysisRunner has terminated.
Mono: successfully reloaded assembly
- Completed reload, in  0.638 seconds
Platform modules already initialized, skipping
Switching build target platform(5) subTarget(0) extendedPlatform(0) -> platform(13) subTarget(537395205) extendedPlatform(0)
Refreshing native plugins compatible for Editor in 0.38 ms, found 0 plugins.
Preloading 0 native plugins for Editor in 0.00 ms.
Unloading 1295 Unused Serialized files (Serialized files now loaded: 0)
System memory in use before: 63.8 MB.
System memory in use after: 63.9 MB.

Unloading 21 unused Assets to reduce memory usage. Loaded Objects now: 1763.
Total: 1.448800 ms (FindLiveObjects: 0.153100 ms CreateObjectMapping: 0.029400 ms MarkObjects: 1.213300 ms  DeleteObjects: 0.052300 ms)

AssetImportParameters requested are different than current active one (requested -> active):
  custom:graphics/normal-map-encoding: 01000000000000000000000000000000 -> 02000000000000000000000000000000
AssetImportWorkerClient::OnTransportError - code=2 error=End of file
